2024-03-29 16:21:19,438:WARNING:
'cuml' is a soft dependency and not included in the pycaret installation. Please run: `pip install cuml` to install.
2024-03-29 16:21:19,438:WARNING:
'cuml' is a soft dependency and not included in the pycaret installation. Please run: `pip install cuml` to install.
2024-03-29 16:21:19,438:WARNING:
'cuml' is a soft dependency and not included in the pycaret installation. Please run: `pip install cuml` to install.
2024-03-29 16:21:19,438:WARNING:
'cuml' is a soft dependency and not included in the pycaret installation. Please run: `pip install cuml` to install.
2024-03-29 16:30:54,544:WARNING:
'cuml' is a soft dependency and not included in the pycaret installation. Please run: `pip install cuml` to install.
2024-03-29 16:30:54,545:WARNING:
'cuml' is a soft dependency and not included in the pycaret installation. Please run: `pip install cuml` to install.
2024-03-29 16:30:54,545:WARNING:
'cuml' is a soft dependency and not included in the pycaret installation. Please run: `pip install cuml` to install.
2024-03-29 16:30:54,545:WARNING:
'cuml' is a soft dependency and not included in the pycaret installation. Please run: `pip install cuml` to install.
2024-03-29 17:54:40,635:WARNING:
'cuml' is a soft dependency and not included in the pycaret installation. Please run: `pip install cuml` to install.
2024-03-29 17:54:40,636:WARNING:
'cuml' is a soft dependency and not included in the pycaret installation. Please run: `pip install cuml` to install.
2024-03-29 17:54:40,636:WARNING:
'cuml' is a soft dependency and not included in the pycaret installation. Please run: `pip install cuml` to install.
2024-03-29 17:54:40,636:WARNING:
'cuml' is a soft dependency and not included in the pycaret installation. Please run: `pip install cuml` to install.
2024-03-29 17:55:59,785:INFO:PyCaret ClassificationExperiment
2024-03-29 17:55:59,785:INFO:Logging name: clf-default-name
2024-03-29 17:55:59,786:INFO:ML Usecase: MLUsecase.CLASSIFICATION
2024-03-29 17:55:59,786:INFO:version 3.3.0
2024-03-29 17:55:59,786:INFO:Initializing setup()
2024-03-29 17:55:59,786:INFO:self.USI: f24f
2024-03-29 17:55:59,786:INFO:self._variable_keys: {'is_multiclass', 'exp_id', 'fold_shuffle_param', 'idx', 'html_param', 'pipeline', '_ml_usecase', 'y', 'logging_param', 'exp_name_log', '_available_plots', 'gpu_n_jobs_param', 'seed', 'X_train', 'y_train', 'fix_imbalance', 'gpu_param', 'log_plots_param', 'USI', 'memory', 'target_param', 'fold_generator', 'fold_groups_param', 'X', 'y_test', 'n_jobs_param', 'data', 'X_test'}
2024-03-29 17:55:59,786:INFO:Checking environment
2024-03-29 17:55:59,787:INFO:python_version: 3.11.7
2024-03-29 17:55:59,787:INFO:python_build: ('tags/v3.11.7:fa7a6f2', 'Dec  4 2023 19:24:49')
2024-03-29 17:55:59,787:INFO:machine: AMD64
2024-03-29 17:55:59,787:INFO:platform: Windows-10-10.0.19045-SP0
2024-03-29 17:55:59,798:INFO:Memory: svmem(total=17089511424, available=2555609088, percent=85.0, used=14533902336, free=2555609088)
2024-03-29 17:55:59,798:INFO:Physical Core: 2
2024-03-29 17:55:59,798:INFO:Logical Core: 4
2024-03-29 17:55:59,799:INFO:Checking libraries
2024-03-29 17:55:59,799:INFO:System:
2024-03-29 17:55:59,799:INFO:    python: 3.11.7 (tags/v3.11.7:fa7a6f2, Dec  4 2023, 19:24:49) [MSC v.1937 64 bit (AMD64)]
2024-03-29 17:55:59,799:INFO:executable: c:\Users\User\AppData\Local\Programs\Python\Python311\python.exe
2024-03-29 17:55:59,799:INFO:   machine: Windows-10-10.0.19045-SP0
2024-03-29 17:55:59,799:INFO:PyCaret required dependencies:
2024-03-29 17:56:00,078:INFO:                 pip: 24.0
2024-03-29 17:56:00,078:INFO:          setuptools: 69.2.0
2024-03-29 17:56:00,078:INFO:             pycaret: 3.3.0
2024-03-29 17:56:00,079:INFO:             IPython: 8.20.0
2024-03-29 17:56:00,079:INFO:          ipywidgets: 8.1.1
2024-03-29 17:56:00,079:INFO:                tqdm: 4.66.1
2024-03-29 17:56:00,079:INFO:               numpy: 1.26.4
2024-03-29 17:56:00,079:INFO:              pandas: 1.5.3
2024-03-29 17:56:00,079:INFO:              jinja2: 3.1.3
2024-03-29 17:56:00,079:INFO:               scipy: 1.11.4
2024-03-29 17:56:00,079:INFO:              joblib: 1.3.2
2024-03-29 17:56:00,080:INFO:             sklearn: 1.4.1.post1
2024-03-29 17:56:00,080:INFO:                pyod: 1.1.3
2024-03-29 17:56:00,080:INFO:            imblearn: 0.12.0
2024-03-29 17:56:00,080:INFO:   category_encoders: 2.6.3
2024-03-29 17:56:00,080:INFO:            lightgbm: 4.3.0
2024-03-29 17:56:00,080:INFO:               numba: 0.59.1
2024-03-29 17:56:00,080:INFO:            requests: 2.31.0
2024-03-29 17:56:00,081:INFO:          matplotlib: 3.7.0
2024-03-29 17:56:00,081:INFO:          scikitplot: 0.3.7
2024-03-29 17:56:00,081:INFO:         yellowbrick: 1.5
2024-03-29 17:56:00,081:INFO:              plotly: 5.20.0
2024-03-29 17:56:00,081:INFO:    plotly-resampler: Not installed
2024-03-29 17:56:00,081:INFO:             kaleido: 0.2.1
2024-03-29 17:56:00,081:INFO:           schemdraw: 0.15
2024-03-29 17:56:00,081:INFO:         statsmodels: 0.14.1
2024-03-29 17:56:00,081:INFO:              sktime: 0.28.0
2024-03-29 17:56:00,081:INFO:               tbats: 1.1.3
2024-03-29 17:56:00,082:INFO:            pmdarima: 2.0.4
2024-03-29 17:56:00,082:INFO:              psutil: 5.9.7
2024-03-29 17:56:00,082:INFO:          markupsafe: 2.1.3
2024-03-29 17:56:00,082:INFO:             pickle5: Not installed
2024-03-29 17:56:00,082:INFO:         cloudpickle: 3.0.0
2024-03-29 17:56:00,082:INFO:         deprecation: 2.1.0
2024-03-29 17:56:00,082:INFO:              xxhash: 3.4.1
2024-03-29 17:56:00,083:INFO:           wurlitzer: Not installed
2024-03-29 17:56:00,083:INFO:PyCaret optional dependencies:
2024-03-29 17:56:00,143:INFO:                shap: Not installed
2024-03-29 17:56:00,143:INFO:           interpret: Not installed
2024-03-29 17:56:00,143:INFO:                umap: Not installed
2024-03-29 17:56:00,143:INFO:     ydata_profiling: Not installed
2024-03-29 17:56:00,143:INFO:  explainerdashboard: Not installed
2024-03-29 17:56:00,144:INFO:             autoviz: Not installed
2024-03-29 17:56:00,144:INFO:           fairlearn: Not installed
2024-03-29 17:56:00,144:INFO:          deepchecks: Not installed
2024-03-29 17:56:00,144:INFO:             xgboost: Not installed
2024-03-29 17:56:00,144:INFO:            catboost: Not installed
2024-03-29 17:56:00,144:INFO:              kmodes: Not installed
2024-03-29 17:56:00,144:INFO:             mlxtend: Not installed
2024-03-29 17:56:00,144:INFO:       statsforecast: Not installed
2024-03-29 17:56:00,144:INFO:        tune_sklearn: Not installed
2024-03-29 17:56:00,144:INFO:                 ray: Not installed
2024-03-29 17:56:00,144:INFO:            hyperopt: Not installed
2024-03-29 17:56:00,144:INFO:              optuna: Not installed
2024-03-29 17:56:00,144:INFO:               skopt: Not installed
2024-03-29 17:56:00,144:INFO:              mlflow: Not installed
2024-03-29 17:56:00,144:INFO:              gradio: Not installed
2024-03-29 17:56:00,145:INFO:             fastapi: Not installed
2024-03-29 17:56:00,145:INFO:             uvicorn: Not installed
2024-03-29 17:56:00,145:INFO:              m2cgen: Not installed
2024-03-29 17:56:00,145:INFO:           evidently: Not installed
2024-03-29 17:56:00,145:INFO:               fugue: Not installed
2024-03-29 17:56:00,145:INFO:           streamlit: Not installed
2024-03-29 17:56:00,145:INFO:             prophet: 1.1.5
2024-03-29 17:56:00,145:INFO:None
2024-03-29 17:56:00,145:INFO:Set up data.
2024-03-29 17:56:00,160:INFO:Set up folding strategy.
2024-03-29 17:56:00,160:INFO:Set up train/test split.
2024-03-29 17:56:00,171:INFO:Set up index.
2024-03-29 17:56:00,172:INFO:Assigning column types.
2024-03-29 17:56:00,177:INFO:Engine successfully changes for model 'lr' to 'sklearn'.
2024-03-29 17:56:00,279:INFO:Engine for model 'knn' has not been set explicitly, hence returning None.
2024-03-29 17:56:00,286:INFO:Engine for model 'rbfsvm' has not been set explicitly, hence returning None.
2024-03-29 17:56:00,352:WARNING:
'xgboost' is a soft dependency and not included in the pycaret installation. Please run: `pip install xgboost` to install.
Alternately, you can install this by running `pip install pycaret[models]`
2024-03-29 17:56:00,353:WARNING:
'catboost' is a soft dependency and not included in the pycaret installation. Please run: `pip install catboost` to install.
Alternately, you can install this by running `pip install pycaret[models]`
2024-03-29 17:56:00,425:INFO:Engine for model 'knn' has not been set explicitly, hence returning None.
2024-03-29 17:56:00,426:INFO:Engine for model 'rbfsvm' has not been set explicitly, hence returning None.
2024-03-29 17:56:00,473:WARNING:
'xgboost' is a soft dependency and not included in the pycaret installation. Please run: `pip install xgboost` to install.
Alternately, you can install this by running `pip install pycaret[models]`
2024-03-29 17:56:00,473:WARNING:
'catboost' is a soft dependency and not included in the pycaret installation. Please run: `pip install catboost` to install.
Alternately, you can install this by running `pip install pycaret[models]`
2024-03-29 17:56:00,473:INFO:Engine successfully changes for model 'knn' to 'sklearn'.
2024-03-29 17:56:00,546:INFO:Engine for model 'rbfsvm' has not been set explicitly, hence returning None.
2024-03-29 17:56:00,587:WARNING:
'xgboost' is a soft dependency and not included in the pycaret installation. Please run: `pip install xgboost` to install.
Alternately, you can install this by running `pip install pycaret[models]`
2024-03-29 17:56:00,587:WARNING:
'catboost' is a soft dependency and not included in the pycaret installation. Please run: `pip install catboost` to install.
Alternately, you can install this by running `pip install pycaret[models]`
2024-03-29 17:56:00,682:INFO:Engine for model 'rbfsvm' has not been set explicitly, hence returning None.
2024-03-29 17:56:00,729:WARNING:
'xgboost' is a soft dependency and not included in the pycaret installation. Please run: `pip install xgboost` to install.
Alternately, you can install this by running `pip install pycaret[models]`
2024-03-29 17:56:00,729:WARNING:
'catboost' is a soft dependency and not included in the pycaret installation. Please run: `pip install catboost` to install.
Alternately, you can install this by running `pip install pycaret[models]`
2024-03-29 17:56:00,729:INFO:Engine successfully changes for model 'rbfsvm' to 'sklearn'.
2024-03-29 17:56:00,888:WARNING:
'xgboost' is a soft dependency and not included in the pycaret installation. Please run: `pip install xgboost` to install.
Alternately, you can install this by running `pip install pycaret[models]`
2024-03-29 17:56:00,889:WARNING:
'catboost' is a soft dependency and not included in the pycaret installation. Please run: `pip install catboost` to install.
Alternately, you can install this by running `pip install pycaret[models]`
2024-03-29 17:56:01,070:WARNING:
'xgboost' is a soft dependency and not included in the pycaret installation. Please run: `pip install xgboost` to install.
Alternately, you can install this by running `pip install pycaret[models]`
2024-03-29 17:56:01,070:WARNING:
'catboost' is a soft dependency and not included in the pycaret installation. Please run: `pip install catboost` to install.
Alternately, you can install this by running `pip install pycaret[models]`
2024-03-29 17:56:01,091:INFO:Preparing preprocessing pipeline...
2024-03-29 17:56:01,093:INFO:Set up label encoding.
2024-03-29 17:56:01,094:INFO:Set up simple imputation.
2024-03-29 17:56:01,098:INFO:Set up encoding of ordinal features.
2024-03-29 17:56:01,102:INFO:Set up encoding of categorical features.
2024-03-29 17:56:01,288:INFO:Finished creating preprocessing pipeline.
2024-03-29 17:56:01,321:INFO:Pipeline: Pipeline(memory=FastMemory(location=C:\Users\Public\Documents\ESTsoft\CreatorTemp\joblib),
         steps=[('label_encoding',
                 TransformerWrapperWithInverse(exclude=None, include=None,
                                               transformer=LabelEncoder())),
                ('numerical_imputer',
                 TransformerWrapper(exclude=None,
                                    include=['Id', 'WeekofPurchase', 'StoreID',
                                             'PriceCH', 'PriceMM', 'DiscCH',
                                             'DiscMM', 'SpecialCH', 'Speci...
                                                              missing_values=nan,
                                                              strategy='most_frequent'))),
                ('ordinal_encoding',
                 TransformerWrapper(exclude=None, include=['Store7'],
                                    transformer=OrdinalEncoder(cols=['Store7'],
                                                               drop_invariant=False,
                                                               handle_missing='return_nan',
                                                               handle_unknown='value',
                                                               mapping=[{'col': 'Store7',
                                                                         'data_type': dtype('O'),
                                                                         'mapping': No     0
Yes    1
NaN   -1
dtype: int64}],
                                                               return_df=True,
                                                               verbose=0)))],
         verbose=False)
2024-03-29 17:56:01,321:INFO:Creating final display dataframe.
2024-03-29 17:56:01,641:INFO:Setup _display_container:                     Description             Value
0                    Session id               123
1                        Target          Purchase
2                   Target type            Binary
3                Target mapping      CH: 0, MM: 1
4           Original data shape        (1070, 19)
5        Transformed data shape        (1070, 19)
6   Transformed train set shape         (749, 19)
7    Transformed test set shape         (321, 19)
8              Numeric features                17
9          Categorical features                 1
10                   Preprocess              True
11              Imputation type            simple
12           Numeric imputation              mean
13       Categorical imputation              mode
14     Maximum one-hot encoding                25
15              Encoding method              None
16               Fold Generator   StratifiedKFold
17                  Fold Number                10
18                     CPU Jobs                -1
19                      Use GPU             False
20               Log Experiment             False
21              Experiment Name  clf-default-name
22                          USI              f24f
2024-03-29 17:56:01,873:WARNING:
'xgboost' is a soft dependency and not included in the pycaret installation. Please run: `pip install xgboost` to install.
Alternately, you can install this by running `pip install pycaret[models]`
2024-03-29 17:56:01,874:WARNING:
'catboost' is a soft dependency and not included in the pycaret installation. Please run: `pip install catboost` to install.
Alternately, you can install this by running `pip install pycaret[models]`
2024-03-29 17:56:02,010:WARNING:
'xgboost' is a soft dependency and not included in the pycaret installation. Please run: `pip install xgboost` to install.
Alternately, you can install this by running `pip install pycaret[models]`
2024-03-29 17:56:02,011:WARNING:
'catboost' is a soft dependency and not included in the pycaret installation. Please run: `pip install catboost` to install.
Alternately, you can install this by running `pip install pycaret[models]`
2024-03-29 17:56:02,013:INFO:setup() successfully completed in 2.23s...............
2024-03-29 17:56:05,049:INFO:gpu_param set to False
2024-03-29 17:56:05,216:WARNING:
'xgboost' is a soft dependency and not included in the pycaret installation. Please run: `pip install xgboost` to install.
Alternately, you can install this by running `pip install pycaret[models]`
2024-03-29 17:56:05,217:WARNING:
'catboost' is a soft dependency and not included in the pycaret installation. Please run: `pip install catboost` to install.
Alternately, you can install this by running `pip install pycaret[models]`
2024-03-29 17:56:05,349:WARNING:
'xgboost' is a soft dependency and not included in the pycaret installation. Please run: `pip install xgboost` to install.
Alternately, you can install this by running `pip install pycaret[models]`
2024-03-29 17:56:05,352:WARNING:
'catboost' is a soft dependency and not included in the pycaret installation. Please run: `pip install catboost` to install.
Alternately, you can install this by running `pip install pycaret[models]`
2024-03-29 17:56:08,575:INFO:Initializing create_model()
2024-03-29 17:56:08,575:INFO:create_model(self=<pycaret.classification.oop.ClassificationExperiment object at 0x000001A1669E7450>, estimator=xgboost, fold=None, round=4, cross_validation=True, predict=True, fit_kwargs=None, groups=None, refit=True, probability_threshold=None, experiment_custom_tags=None, verbose=True, system=True, add_to_model_list=True, metrics=None, display=None, model_only=True, return_train_score=False, error_score=0.0, kwargs={})
2024-03-29 17:56:08,576:INFO:Checking exceptions
